[2011-06-30 23:12:20] myapp.INFO: GET /sandbox//lightMonitor/ [] []
[2011-06-30 23:12:20] myapp.WARNING: 404 GET /sandbox//lightMonitor/ [] []
[2011-06-30 23:12:26] myapp.INFO: GET /sandbox//lightMonitor/ [] []
[2011-06-30 23:12:26] myapp.WARNING: 404 GET /sandbox//lightMonitor/ [] []
[2011-06-30 23:12:27] myapp.INFO: GET /sandbox//lightMonitor/ [] []
[2011-06-30 23:12:27] myapp.WARNING: 404 GET /sandbox//lightMonitor/ [] []
[2011-06-30 23:12:27] myapp.INFO: GET /sandbox//lightMonitor/ [] []
[2011-06-30 23:12:27] myapp.WARNING: 404 GET /sandbox//lightMonitor/ [] []
[2011-06-30 23:12:27] myapp.INFO: GET /sandbox//lightMonitor/ [] []
[2011-06-30 23:12:27] myapp.WARNING: 404 GET /sandbox//lightMonitor/ [] []
[2011-06-30 23:12:47] myapp.INFO: GET /sandbox/lightMonitor/ [] []
[2011-06-30 23:12:47] myapp.INFO: GET /sandbox/lightMonitor/public/css/style.css [] []
[2011-06-30 23:12:47] myapp.WARNING: 404 GET /sandbox/lightMonitor/public/css/style.css [] []
[2011-06-30 23:12:47] myapp.INFO: GET /sandbox/lightMonitor/public/js/facebox.js [] []
[2011-06-30 23:12:47] myapp.WARNING: 404 GET /sandbox/lightMonitor/public/js/facebox.js [] []
[2011-06-30 23:13:59] myapp.INFO: GET /sandbox/lightMonitor/ [] []
[2011-06-30 23:13:59] myapp.INFO: GET /sandbox/lightMonitor/public/css/invalid.css [] []
[2011-06-30 23:13:59] myapp.WARNING: 404 GET /sandbox/lightMonitor/public/css/invalid.css [] []
[2011-06-30 23:13:59] myapp.INFO: GET /sandbox/lightMonitor/public/js/jquery-1.3.2.min.js [] []
[2011-06-30 23:13:59] myapp.WARNING: 404 GET /sandbox/lightMonitor/public/js/jquery-1.3.2.min.js [] []
[2011-06-30 23:13:59] myapp.INFO: GET /sandbox/lightMonitor/public/css/reset.css [] []
[2011-06-30 23:13:59] myapp.INFO: GET /sandbox/lightMonitor/public/js/facebox.js [] []
[2011-06-30 23:13:59] myapp.WARNING: 404 GET /sandbox/lightMonitor/public/css/reset.css [] []
[2011-06-30 23:13:59] myapp.WARNING: 404 GET /sandbox/lightMonitor/public/js/facebox.js [] []
[2011-06-30 23:13:59] myapp.INFO: GET /sandbox/lightMonitor/public/js/simpla.jquery.configuration.js [] []
[2011-06-30 23:13:59] myapp.WARNING: 404 GET /sandbox/lightMonitor/public/js/simpla.jquery.configuration.js [] []
[2011-06-30 23:13:59] myapp.INFO: GET /sandbox/lightMonitor/public/css/style.css [] []
[2011-06-30 23:13:59] myapp.WARNING: 404 GET /sandbox/lightMonitor/public/css/style.css [] []
[2011-06-30 23:13:59] myapp.INFO: GET /sandbox/lightMonitor/public/js/jquery.datePicker.js [] []
[2011-06-30 23:13:59] myapp.INFO: GET /sandbox/lightMonitor/public/js/jquery.date.js [] []
[2011-06-30 23:13:59] myapp.WARNING: 404 GET /sandbox/lightMonitor/public/js/jquery.date.js [] []
[2011-06-30 23:13:59] myapp.WARNING: 404 GET /sandbox/lightMonitor/public/js/jquery.datePicker.js [] []
[2011-06-30 23:13:59] myapp.INFO: GET /sandbox/lightMonitor/public/js/jquery.wysiwyg.js [] []
[2011-06-30 23:13:59] myapp.WARNING: 404 GET /sandbox/lightMonitor/public/js/jquery.wysiwyg.js [] []
[2011-06-30 23:13:59] myapp.INFO: GET /sandbox/lightMonitor/public/img/icons/cross.png [] []
[2011-06-30 23:13:59] myapp.WARNING: 404 GET /sandbox/lightMonitor/public/img/icons/cross.png [] []
[2011-06-30 23:13:59] myapp.INFO: GET /sandbox/lightMonitor/public/img/icons/pencil.png [] []
[2011-06-30 23:13:59] myapp.WARNING: 404 GET /sandbox/lightMonitor/public/img/icons/pencil.png [] []
[2011-06-30 23:13:59] myapp.INFO: GET /sandbox/lightMonitor/public/img/icons/hammer_screwdriver.png [] []
[2011-06-30 23:13:59] myapp.WARNING: 404 GET /sandbox/lightMonitor/public/img/icons/hammer_screwdriver.png [] []
[2011-06-30 23:13:59] myapp.INFO: GET /sandbox/lightMonitor/public/img/logo.png [] []
[2011-06-30 23:13:59] myapp.WARNING: 404 GET /sandbox/lightMonitor/public/img/logo.png [] []
[2011-06-30 23:14:31] myapp.INFO: GET /sandbox/lightMonitor/ [] []
[2011-06-30 23:14:32] myapp.INFO: GET /sandbox/lightMonitor/public/img/icons/pencil.png [] []
[2011-06-30 23:14:32] myapp.WARNING: 404 GET /sandbox/lightMonitor/public/img/icons/pencil.png [] []
[2011-06-30 23:14:32] myapp.INFO: GET /sandbox/lightMonitor/public/img/icons/cross.png [] []
[2011-06-30 23:14:32] myapp.WARNING: 404 GET /sandbox/lightMonitor/public/img/icons/cross.png [] []
[2011-06-30 23:14:32] myapp.INFO: GET /sandbox/lightMonitor/public/img/icons/cross.png [] []
[2011-06-30 23:14:32] myapp.WARNING: 404 GET /sandbox/lightMonitor/public/img/icons/cross.png [] []
[2011-06-30 23:14:32] myapp.INFO: GET /sandbox/lightMonitor/public/img/icons/hammer_screwdriver.png [] []
[2011-06-30 23:14:32] myapp.INFO: GET /sandbox/lightMonitor/public/img/icons/hammer_screwdriver.png [] []
[2011-06-30 23:14:32] myapp.WARNING: 404 GET /sandbox/lightMonitor/public/img/icons/hammer_screwdriver.png [] []
[2011-06-30 23:14:32] myapp.WARNING: 404 GET /sandbox/lightMonitor/public/img/icons/hammer_screwdriver.png [] []
[2011-06-30 23:14:32] myapp.INFO: GET /sandbox/lightMonitor/public/img/icons/pencil.png [] []
[2011-06-30 23:14:32] myapp.WARNING: 404 GET /sandbox/lightMonitor/public/img/icons/pencil.png [] []
[2011-06-30 23:16:24] myapp.INFO: GET /sandbox/lightMonitor/ [] []
[2011-06-30 23:16:25] myapp.INFO: GET /sandbox/lightMonitor/ [] []
[2011-06-30 23:16:25] myapp.INFO: GET /sandbox/lightMonitor/ [] []
[2011-06-30 23:17:02] myapp.INFO: GET /sandbox/lightMonitor/ [] []
[2011-06-30 23:17:05] myapp.INFO: GET /sandbox/lightMonitor/servers/serveur-2 [] []
[2011-06-30 23:17:06] myapp.INFO: GET /sandbox/lightMonitor/ [] []
[2011-06-30 23:18:16] myapp.INFO: GET /sandbox/lightMonitor/servers/serveur-2 [] []
[2011-06-30 23:18:17] myapp.INFO: GET /sandbox/lightMonitor/graphs/serveur-2/uptime-0.png [] []
[2011-06-30 23:18:17] myapp.WARNING: 404 GET /sandbox/lightMonitor/graphs/serveur-2/uptime-0.png [] []
[2011-06-30 23:18:17] myapp.INFO: GET /sandbox/lightMonitor/graphs/serveur-2/mem-0.png [] []
[2011-06-30 23:18:17] myapp.WARNING: 404 GET /sandbox/lightMonitor/graphs/serveur-2/mem-0.png [] []
[2011-06-30 23:18:55] myapp.INFO: GET /sandbox/lightMonitor/servers/serveur-2 [] []
[2011-06-30 23:19:11] myapp.INFO: GET /sandbox/lightMonitor/configs [] []
